Downloaded 1/1980 HLS assets
Downloaded 25/1980 HLS assets
Downloaded 50/1980 HLS assets
Downloaded 75/1980 HLS assets
Downloaded 100/1980 HLS assets
Downloaded 125/1980 HLS assets
Downloaded 150/1980 HLS assets
Downloaded 175/1980 HLS assets
Downloaded 200/1980 HLS assets
Downloaded 225/1980 HLS assets
Downloaded 250/1980 HLS assets
Downloaded 275/1980 HLS assets
Downloaded 300/1980 HLS assets
Downloaded 325/1980 HLS assets
Downloaded 350/1980 HLS assets
Downloaded 375/1980 HLS assets
Downloaded 400/1980 HLS assets
Downloaded 425/1980 HLS assets
Downloaded 450/1980 HLS assets
Downloaded 475/1980 HLS assets
Downloaded 500/1980 HLS assets
Downloaded 525/1980 HLS assets
Downloaded 550/1980 HLS assets
Downloaded 575/1980 HLS assets
Downloaded 600/1980 HLS assets
Downloaded 625/1980 HLS assets
Downloaded 650/1980 HLS assets
Downloaded 675/1980 HLS assets
Downloaded 700/1980 HLS assets
Downloaded 725/1980 HLS assets
Downloaded 750/1980 HLS assets
Downloaded 775/1980 HLS assets
Downloaded 800/1980 HLS assets
Downloaded 825/1980 HLS assets
Downloaded 850/1980 HLS assets
Downloaded 875/1980 HLS assets
Downloaded 900/1980 HLS assets
Downloaded 925/1980 HLS assets
Downloaded 950/1980 HLS assets
Downloaded 975/1980 HLS assets
Downloaded 1000/1980 HLS assets
Downloaded 1025/1980 HLS assets
Downloaded 1050/1980 HLS assets
Downloaded 1075/1980 HLS assets
Downloaded 1100/1980 HLS assets
Downloaded 1125/1980 HLS assets
Downloaded 1150/1980 HLS assets
Downloaded 1175/1980 HLS assets
Downloaded 1200/1980 HLS assets
Downloaded 1225/1980 HLS assets
Downloaded 1250/1980 HLS assets
Downloaded 1275/1980 HLS assets
Downloaded 1300/1980 HLS assets
Downloaded 1325/1980 HLS assets
Downloaded 1350/1980 HLS assets
Downloaded 1375/1980 HLS assets
Downloaded 1400/1980 HLS assets
Downloaded 1425/1980 HLS assets
Downloaded 1450/1980 HLS assets
Downloaded 1475/1980 HLS assets
Downloaded 1500/1980 HLS assets
Downloaded 1525/1980 HLS assets
Downloaded 1550/1980 HLS assets
Downloaded 1575/1980 HLS assets
Downloaded 1600/1980 HLS assets
Downloaded 1625/1980 HLS assets
Downloaded 1650/1980 HLS assets
Downloaded 1675/1980 HLS assets
Downloaded 1700/1980 HLS assets
Downloaded 1725/1980 HLS assets
Downloaded 1750/1980 HLS assets
Downloaded 1775/1980 HLS assets
Downloaded 1800/1980 HLS assets
Downloaded 1825/1980 HLS assets
Downloaded 1850/1980 HLS assets
Downloaded 1875/1980 HLS assets
Downloaded 1900/1980 HLS assets
Downloaded 1925/1980 HLS assets
Downloaded 1950/1980 HLS assets
Downloaded 1975/1980 HLS assets
Downloaded 1980/1980 HLS assets
{
  "master_url": "https://cdna.telewebion.ir/irinn/episode/0x16c79674/playlist.m3u8",
  "effective_master_url": "https://archive-aburayhan1109.telewebion.ir/irinn/episode/0x16c79674/playlist.m3u8?isp=NA&city=NA",
  "variant_url": "https://archive-aburayhan1109.telewebion.ir/irinn/episode/0x16c79674/480p/index.m3u8",
  "effective_variant_url": "https://archive-aburayhan1109.telewebion.ir/irinn/episode/0x16c79674/480p/index.m3u8",
  "selected_variant": {
    "bandwidth": 1195142,
    "width": 824,
    "height": 480
  },
  "asset_count": 1980,
  "total_bytes": 591595768,
  "local_playlist": "work\\telewebion-0x16c79674\\hls\\playlist.local.m3u8"
}
