Warning: You are sending unauthenticated requests to the HF Hub. Please set a HF_TOKEN to enable higher rate limits and faster downloads.

  0%|          | 0/3668.13 [00:00<?, ?seconds/s]
  0%|          | 12.02/3668.13 [00:16<1:24:50,  1.39s/seconds]
  1%|1         | 42.0/3668.13 [00:32<43:32,  1.39seconds/s]   
  1%|1         | 43.0/3668.13 [00:48<1:16:33,  1.27s/seconds]
  1%|1         | 44.0/3668.13 [01:05<2:02:00,  2.02s/seconds]
  1%|1         | 51.0/3668.13 [01:21<2:06:54,  2.11s/seconds]
  2%|1         | 59.82/3668.13 [01:37<1:59:52,  1.99s/seconds]
  2%|1         | 60.96/3668.13 [01:53<2:46:29,  2.77s/seconds]
  2%|1         | 61.96/3668.13 [02:09<3:45:00,  3.74s/seconds]
  2%|1         | 63.04/3668.13 [02:24<4:49:27,  4.82s/seconds]
  2%|1         | 64.03999999999999/3668.13 [02:40<6:09:49,  6.16s/seconds]
  2%|1         | 65.03999999999999/3668.13 [02:56<7:34:28,  7.57s/seconds]
  2%|2         | 75.08999999999999/3668.13 [03:27<4:33:57,  4.57s/seconds]
  2%|2         | 87.78999999999999/3668.13 [03:43<2:43:12,  2.74s/seconds]
  3%|3         | 117.78999999999999/3668.13 [03:59<1:16:37,  1.29s/seconds]
  4%|4         | 147.79/3668.13 [04:14<54:20,  1.08seconds/s]              
  4%|4         | 159.07/3668.13 [04:30<59:48,  1.02s/seconds]
  5%|4         | 171.13/3668.13 [04:46<1:03:12,  1.08s/seconds]
  5%|5         | 186.25/3668.13 [05:02<1:02:18,  1.07s/seconds]
  5%|5         | 200.29/3668.13 [05:18<1:03:06,  1.09s/seconds]
  5%|5         | 201.29/3668.13 [05:33<1:26:52,  1.50s/seconds]
  6%|5         | 217.79/3668.13 [05:49<1:14:08,  1.29s/seconds]
  6%|6         | 230.20999999999998/3668.13 [06:05<1:13:28,  1.28s/seconds]
  7%|7         | 260.21/3668.13 [06:21<51:00,  1.11seconds/s]              
  7%|7         | 269.60999999999996/3668.13 [06:36<58:39,  1.04s/seconds]
  8%|7         | 283.92999999999995/3668.13 [06:51<58:43,  1.04s/seconds]
  8%|8         | 310.78999999999996/3668.13 [07:07<47:16,  1.18seconds/s]
  8%|8         | 311.78999999999996/3668.13 [07:23<1:06:24,  1.19s/seconds]
  9%|8         | 312.78999999999996/3668.13 [07:39<1:31:58,  1.64s/seconds]
  9%|9         | 336.60999999999996/3668.13 [07:55<1:03:28,  1.14s/seconds]
  9%|9         | 337.60999999999996/3668.13 [08:11<1:28:14,  1.59s/seconds]
  9%|9         | 347.72999999999996/3668.13 [08:27<1:27:30,  1.58s/seconds]
 10%|9         | 348.72999999999996/3668.13 [08:43<2:00:04,  2.17s/seconds]
 10%|#         | 370.72999999999996/3668.13 [08:58<1:14:21,  1.35s/seconds]
 10%|#         | 383.72999999999996/3668.13 [09:14<1:11:57,  1.31s/seconds]
 10%|#         | 384.72999999999996/3668.13 [09:30<1:39:18,  1.81s/seconds]
 11%|#         | 402.06999999999994/3668.13 [09:47<1:16:36,  1.41s/seconds]
 11%|#         | 403.06999999999994/3668.13 [10:03<1:45:35,  1.94s/seconds]
 11%|#1        | 404.06999999999994/3668.13 [10:18<2:23:02,  2.63s/seconds]
 12%|#1        | 425.42999999999995/3668.13 [10:34<1:20:52,  1.50s/seconds]
 12%|#2        | 443.40999999999997/3668.13 [10:50<1:06:27,  1.24s/seconds]
 12%|#2        | 444.40999999999997/3668.13 [11:06<1:32:24,  1.72s/seconds]
 12%|#2        | 457.15/3668.13 [11:22<1:22:55,  1.55s/seconds]            
 12%|#2        | 458.15/3668.13 [11:38<1:53:54,  2.13s/seconds]
 13%|#2        | 473.78999999999996/3668.13 [11:54<1:25:23,  1.60s/seconds]
 13%|#2        | 474.78999999999996/3668.13 [12:10<1:57:05,  2.20s/seconds]
 13%|#2        | 475.78999999999996/3668.13 [12:26<2:38:07,  2.97s/seconds]
 13%|#2        | 476.78999999999996/3668.13 [12:43<3:29:25,  3.94s/seconds]
 13%|#3        | 477.78999999999996/3668.13 [12:59<4:30:43,  5.09s/seconds]
 13%|#3        | 487.83/3668.13 [13:15<2:42:48,  3.07s/seconds]            
 13%|#3        | 488.83/3668.13 [13:31<3:35:49,  4.07s/seconds]
 13%|#3        | 489.83/3668.13 [13:47<4:38:30,  5.26s/seconds]
 13%|#3        | 491.05/3668.13 [14:04<5:41:58,  6.46s/seconds]
 13%|#3        | 492.05/3668.13 [14:20<6:56:52,  7.88s/seconds]
 13%|#3        | 493.05/3668.13 [14:36<8:13:27,  9.32s/seconds]
 13%|#3        | 494.05/3668.13 [14:52<9:22:49, 10.64s/seconds]
 13%|#3        | 495.05/3668.13 [15:08<10:27:59, 11.87s/seconds]
 14%|#3        | 496.05/3668.13 [15:24<11:21:57, 12.90s/seconds]
 14%|#3        | 497.05/3668.13 [15:41<12:08:40, 13.79s/seconds]
 14%|#3        | 498.05/3668.13 [15:57<12:40:19, 14.39s/seconds]
 14%|#3        | 499.05/3668.13 [16:29<17:02:40, 19.36s/seconds]
 14%|#3        | 500.05/3668.13 [16:45<16:13:38, 18.44s/seconds]
 14%|#3        | 510.65000000000003/3668.13 [17:01<4:08:16,  4.72s/seconds]
 14%|#3        | 511.65000000000003/3668.13 [17:17<5:07:06,  5.84s/seconds]
 15%|#4        | 537.27/3668.13 [17:34<1:31:47,  1.76s/seconds]            
 15%|#5        | 554.59/3668.13 [17:49<1:12:29,  1.40s/seconds]
 15%|#5        | 566.15/3668.13 [18:05<1:11:59,  1.39s/seconds]
 16%|#5        | 579.4499999999999/3668.13 [18:21<1:08:26,  1.33s/seconds]
 16%|#5        | 585.91/3668.13 [18:37<1:18:25,  1.53s/seconds]           
 17%|#6        | 607.73/3668.13 [18:53<59:04,  1.16s/seconds]  
 17%|#6        | 621.07/3668.13 [19:09<59:24,  1.17s/seconds]
 18%|#7        | 651.0500000000001/3668.13 [19:25<43:22,  1.16seconds/s]
 18%|#8        | 661.8900000000001/3668.13 [19:41<49:21,  1.02seconds/s]
 19%|#8        | 691.8900000000001/3668.13 [19:54<36:40,  1.35seconds/s]
 19%|#8        | 692.8900000000001/3668.13 [20:10<52:21,  1.06s/seconds]
 19%|#8        | 693.8900000000001/3668.13 [20:26<1:13:57,  1.49s/seconds]
 19%|#8        | 694.8900000000001/3668.13 [20:42<1:41:48,  2.05s/seconds]
 19%|#8        | 695.8900000000001/3668.13 [20:58<2:18:41,  2.80s/seconds]
 19%|#8        | 696.8900000000001/3668.13 [21:14<3:05:06,  3.74s/seconds]
 19%|#9        | 710.5900000000001/3668.13 [21:31<1:51:01,  2.25s/seconds]
 20%|#9        | 723.9900000000001/3668.13 [21:46<1:27:14,  1.78s/seconds]
 20%|##        | 738.2700000000001/3668.13 [22:02<1:13:47,  1.51s/seconds]
 20%|##        | 739.2700000000001/3668.13 [22:19<1:41:29,  2.08s/seconds]
 20%|##        | 740.2700000000001/3668.13 [22:35<2:17:27,  2.82s/seconds]
 20%|##        | 741.2700000000001/3668.13 [22:50<3:01:49,  3.73s/seconds]
 20%|##        | 742.2700000000001/3668.13 [23:07<3:57:38,  4.87s/seconds]
 20%|##        | 743.2700000000001/3668.13 [23:23<5:00:28,  6.16s/seconds]
 20%|##        | 744.2700000000001/3668.13 [23:55<8:00:48,  9.87s/seconds]
 20%|##        | 745.2700000000001/3668.13 [24:11<8:51:29, 10.91s/seconds]
 20%|##        | 746.2700000000001/3668.13 [24:27<9:39:23, 11.90s/seconds]
 20%|##        | 747.2700000000001/3668.13 [24:44<10:23:50, 12.81s/seconds]
 20%|##        | 748.2700000000001/3668.13 [25:00<11:02:37, 13.62s/seconds]
 20%|##        | 749.2700000000001/3668.13 [25:32<14:52:30, 18.35s/seconds]
 21%|##1       | 771.6500000000001/3668.13 [25:48<2:08:41,  2.67s/seconds] 
 21%|##1       | 784.5300000000001/3668.13 [26:04<1:38:43,  2.05s/seconds]
 21%|##1       | 785.5300000000001/3668.13 [26:20<2:08:37,  2.68s/seconds]
 21%|##1       | 786.5300000000001/3668.13 [26:36<2:47:39,  3.49s/seconds]
 21%|##1       | 787.5300000000001/3668.13 [26:52<3:35:42,  4.49s/seconds]
 21%|##1       | 788.5300000000001/3668.13 [27:08<4:31:47,  5.66s/seconds]
 22%|##1       | 789.5300000000001/3668.13 [27:24<5:34:55,  6.98s/seconds]
 22%|##2       | 807.9900000000001/3668.13 [27:56<2:19:56,  2.94s/seconds]
 22%|##2       | 808.9900000000001/3668.13 [28:13<2:56:20,  3.70s/seconds]
 22%|##2       | 809.9900000000001/3668.13 [28:29<3:40:31,  4.63s/seconds]
 22%|##2       | 819.0500000000001/3668.13 [28:45<2:33:27,  3.23s/seconds]
 22%|##2       | 820.0500000000001/3668.13 [29:01<3:17:48,  4.17s/seconds]
 22%|##2       | 821.0500000000001/3668.13 [29:18<4:11:03,  5.29s/seconds]
 22%|##2       | 822.0500000000001/3668.13 [29:34<5:13:10,  6.60s/seconds]
 22%|##2       | 823.0500000000001/3668.13 [29:50<6:19:54,  8.01s/seconds]
 22%|##2       | 824.0500000000001/3668.13 [30:07<7:28:28,  9.46s/seconds]
 23%|##3       | 854.0300000000001/3668.13 [30:39<1:38:12,  2.09s/seconds]
 23%|##3       | 855.0300000000001/3668.13 [30:56<2:05:10,  2.67s/seconds]
 24%|##3       | 867.57/3668.13 [31:12<1:37:41,  2.09s/seconds]           
 24%|##3       | 880.2700000000001/3668.13 [31:29<1:23:19,  1.79s/seconds]
 24%|##4       | 890.8900000000001/3668.13 [31:45<1:18:51,  1.70s/seconds]
 24%|##4       | 892.7900000000001/3668.13 [32:01<1:41:46,  2.20s/seconds]
 25%|##4       | 916.6300000000001/3668.13 [32:17<1:01:22,  1.34s/seconds]
 25%|##5       | 917.6300000000001/3668.13 [32:34<1:24:32,  1.84s/seconds]
 25%|##5       | 918.6300000000001/3668.13 [32:50<1:54:49,  2.51s/seconds]
 25%|##5       | 919.8300000000002/3668.13 [33:07<2:31:36,  3.31s/seconds]
 26%|##5       | 944.9500000000002/3668.13 [33:23<1:08:02,  1.50s/seconds]
 26%|##5       | 945.9500000000002/3668.13 [33:40<1:33:30,  2.06s/seconds]
 26%|##5       | 946.9500000000002/3668.13 [33:56<2:06:27,  2.79s/seconds]
 26%|##5       | 947.9500000000002/3668.13 [34:13<2:48:18,  3.71s/seconds]
 26%|##6       | 957.6100000000001/3668.13 [34:29<2:03:41,  2.74s/seconds]
 26%|##6       | 958.6100000000001/3668.13 [34:45<2:45:08,  3.66s/seconds]
 26%|##6       | 959.7100000000002/3668.13 [35:02<3:32:58,  4.72s/seconds]
 26%|##6       | 960.7100000000002/3668.13 [35:18<4:30:46,  6.00s/seconds]
 26%|##6       | 961.7100000000002/3668.13 [35:35<5:33:49,  7.40s/seconds]
 26%|##6       | 962.7100000000002/3668.13 [35:51<6:39:52,  8.87s/seconds]
 26%|##6       | 963.7100000000002/3668.13 [36:07<7:42:17, 10.26s/seconds]
 26%|##6       | 964.7100000000002/3668.13 [36:24<8:38:27, 11.51s/seconds]
 26%|##6       | 965.7100000000002/3668.13 [36:40<9:27:03, 12.59s/seconds]
 26%|##6       | 966.7100000000002/3668.13 [36:56<10:07:48, 13.50s/seconds]
 27%|##6       | 981.6100000000001/3668.13 [37:12<2:17:10,  3.06s/seconds] 
 28%|##7       | 1010.5100000000001/3668.13 [37:29<58:31,  1.32s/seconds] 
 28%|##7       | 1011.5100000000001/3668.13 [37:45<1:20:50,  1.83s/seconds]
 28%|##7       | 1012.5100000000001/3668.13 [38:02<1:50:07,  2.49s/seconds]
 28%|##8       | 1027.8100000000002/3668.13 [38:18<1:18:10,  1.78s/seconds]
 29%|##8       | 1054.9900000000002/3668.13 [38:34<48:25,  1.11s/seconds]  
 29%|##8       | 1055.9900000000002/3668.13 [39:03<1:23:04,  1.91s/seconds]
 30%|##9       | 1085.9900000000002/3668.13 [39:17<47:47,  1.11s/seconds]  
 30%|##9       | 1098.1100000000001/3668.13 [39:33<49:49,  1.16s/seconds]
 31%|###       | 1127.5100000000002/3668.13 [39:49<37:34,  1.13seconds/s]
 31%|###1      | 1141.0700000000002/3668.13 [40:05<40:21,  1.04seconds/s]
 31%|###1      | 1142.0700000000002/3668.13 [40:21<55:34,  1.32s/seconds]
 32%|###1      | 1155.8500000000001/3668.13 [40:38<53:27,  1.28s/seconds]
 32%|###1      | 1156.8500000000001/3668.13 [40:54<1:14:03,  1.77s/seconds]
 32%|###1      | 1169.0100000000002/3668.13 [41:11<1:07:42,  1.63s/seconds]
 33%|###2      | 1196.3500000000001/3668.13 [41:27<44:22,  1.08s/seconds]  
 33%|###2      | 1197.3500000000001/3668.13 [41:44<1:01:30,  1.49s/seconds]
 33%|###2      | 1198.3500000000001/3668.13 [42:00<1:24:14,  2.05s/seconds]
 33%|###2      | 1199.3500000000001/3668.13 [42:16<1:53:39,  2.76s/seconds]
 33%|###2      | 1200.3500000000001/3668.13 [42:33<2:31:12,  3.68s/seconds]
 33%|###3      | 1217.1100000000001/3668.13 [42:49<1:21:55,  2.01s/seconds]
 33%|###3      | 1219.0100000000002/3668.13 [43:06<1:46:54,  2.62s/seconds]
 34%|###4      | 1248.3700000000001/3668.13 [43:22<50:05,  1.24s/seconds]  
 34%|###4      | 1249.3700000000001/3668.13 [43:38<1:08:53,  1.71s/seconds]
 34%|###4      | 1259.39/3668.13 [43:54<1:07:13,  1.67s/seconds]           
 34%|###4      | 1265.44/3668.13 [44:10<1:15:02,  1.87s/seconds]
 35%|###4      | 1271.16/3668.13 [44:26<1:23:28,  2.09s/seconds]
 35%|###4      | 1272.52/3668.13 [44:44<1:54:19,  2.86s/seconds]
 35%|###5      | 1285.06/3668.13 [45:01<1:24:41,  2.13s/seconds]
 35%|###5      | 1294.24/3668.13 [45:17<1:20:13,  2.03s/seconds]
 36%|###5      | 1305.5/3668.13 [45:39<1:18:29,  1.99s/seconds] 
 36%|###5      | 1306.5/3668.13 [46:02<1:54:15,  2.90s/seconds]
 36%|###5      | 1307.5/3668.13 [46:24<2:39:53,  4.06s/seconds]
 36%|###5      | 1315.68/3668.13 [46:46<2:16:57,  3.49s/seconds]
 36%|###6      | 1326.8200000000002/3668.13 [47:03<1:43:00,  2.64s/seconds]
 36%|###6      | 1336.38/3668.13 [47:20<1:29:59,  2.32s/seconds]           
 37%|###6      | 1354.66/3668.13 [47:52<1:18:50,  2.04s/seconds]
 38%|###7      | 1382.5600000000002/3668.13 [48:09<49:17,  1.29s/seconds]
 38%|###7      | 1392.8600000000001/3668.13 [48:25<51:27,  1.36s/seconds]
 38%|###7      | 1393.8600000000001/3668.13 [48:41<1:08:00,  1.79s/seconds]
 38%|###8      | 1394.8600000000001/3668.13 [48:58<1:29:48,  2.37s/seconds]
 38%|###8      | 1395.8600000000001/3668.13 [49:14<1:58:13,  3.12s/seconds]
 39%|###8      | 1416.3600000000001/3668.13 [49:31<1:03:57,  1.70s/seconds]
 39%|###8      | 1426.18/3668.13 [49:47<1:03:40,  1.70s/seconds]           
 39%|###9      | 1434.0/3668.13 [50:04<1:07:15,  1.81s/seconds] 
 40%|###9      | 1451.58/3668.13 [50:20<52:25,  1.42s/seconds] 
 40%|###9      | 1464.4199999999998/3668.13 [50:37<50:37,  1.38s/seconds]
 40%|####      | 1479.36/3668.13 [50:53<46:51,  1.28s/seconds]           
 40%|####      | 1480.36/3668.13 [51:10<1:04:26,  1.77s/seconds]
 40%|####      | 1481.36/3668.13 [51:26<1:27:30,  2.40s/seconds]
 40%|####      | 1482.36/3668.13 [51:42<1:57:12,  3.22s/seconds]
 41%|####      | 1492.28/3668.13 [51:59<1:30:41,  2.50s/seconds]
 41%|####      | 1493.28/3668.13 [52:15<2:01:07,  3.34s/seconds]
 41%|####      | 1494.28/3668.13 [52:31<2:38:53,  4.39s/seconds]
 41%|####      | 1495.28/3668.13 [52:47<3:23:17,  5.61s/seconds]
 41%|####      | 1496.28/3668.13 [53:04<4:12:54,  6.99s/seconds]
 41%|####      | 1497.28/3668.13 [53:20<5:03:46,  8.40s/seconds]
 41%|####      | 1498.28/3668.13 [53:36<5:54:01,  9.79s/seconds]
 41%|####      | 1499.28/3668.13 [53:51<6:33:32, 10.89s/seconds]
 41%|####      | 1500.28/3668.13 [54:07<7:15:37, 12.06s/seconds]
 41%|####      | 1501.28/3668.13 [54:23<7:50:25, 13.03s/seconds]
 42%|####1     | 1528.6399999999999/3668.13 [54:39<1:02:49,  1.76s/seconds]
 42%|####2     | 1542.9799999999998/3668.13 [54:56<53:41,  1.52s/seconds]  
 42%|####2     | 1553.9399999999998/3668.13 [55:12<53:11,  1.51s/seconds]
 43%|####3     | 1583.7399999999998/3668.13 [55:28<34:26,  1.01seconds/s]
 43%|####3     | 1584.7399999999998/3668.13 [55:45<48:11,  1.39s/seconds]
 44%|####3     | 1600.5599999999997/3668.13 [56:02<43:29,  1.26s/seconds]
 44%|####3     | 1601.5599999999997/3668.13 [56:35<1:19:16,  2.30s/seconds]
 44%|####4     | 1630.9999999999998/3668.13 [56:52<44:13,  1.30s/seconds]  
 44%|####4     | 1631.9999999999998/3668.13 [57:08<57:45,  1.70s/seconds]
 45%|####5     | 1651.7599999999998/3668.13 [57:40<56:23,  1.68s/seconds]
 45%|####5     | 1652.7599999999998/3668.13 [57:57<1:11:08,  2.12s/seconds]
 45%|####5     | 1665.6799999999998/3668.13 [58:13<1:00:25,  1.81s/seconds]
 45%|####5     | 1666.6799999999998/3668.13 [58:29<1:19:02,  2.37s/seconds]
 46%|####6     | 1696.6599999999999/3668.13 [58:46<40:47,  1.24s/seconds]  
 46%|####6     | 1697.6599999999999/3668.13 [59:01<54:05,  1.65s/seconds]
 46%|####6     | 1698.6599999999999/3668.13 [59:18<1:13:17,  2.23s/seconds]
 46%|####6     | 1699.6599999999999/3668.13 [59:34<1:38:28,  3.00s/seconds]
 47%|####6     | 1711.1599999999999/3668.13 [1:00:08<1:35:54,  2.94s/seconds]
 47%|####6     | 1722.7399999999998/3668.13 [1:00:24<1:15:14,  2.32s/seconds]
 47%|####7     | 1734.0999999999997/3668.13 [1:00:40<1:04:26,  2.00s/seconds]
 47%|####7     | 1740.7199999999996/3668.13 [1:00:56<1:07:24,  2.10s/seconds]
 47%|####7     | 1741.7199999999996/3668.13 [1:01:12<1:29:00,  2.77s/seconds]
 48%|####7     | 1754.5999999999997/3668.13 [1:01:45<1:24:48,  2.66s/seconds]
 48%|####7     | 1755.5999999999997/3668.13 [1:02:01<1:46:09,  3.33s/seconds]
 48%|####7     | 1756.9599999999996/3668.13 [1:02:18<2:10:45,  4.11s/seconds]
 48%|####8     | 1768.3999999999996/3668.13 [1:02:35<1:27:11,  2.75s/seconds]
 49%|####9     | 1798.3799999999997/3668.13 [1:02:51<40:37,  1.30s/seconds]  
 49%|####9     | 1799.3799999999997/3668.13 [1:03:08<55:04,  1.77s/seconds]
 49%|####9     | 1800.3799999999997/3668.13 [1:03:45<1:40:36,  3.23s/seconds]
 49%|####9     | 1801.3799999999997/3668.13 [1:04:17<2:31:30,  4.87s/seconds]
 49%|####9     | 1802.3799999999997/3668.13 [1:04:50<3:35:09,  6.92s/seconds]
 49%|####9     | 1803.3799999999997/3668.13 [1:05:06<4:02:27,  7.80s/seconds]
 49%|####9     | 1804.3799999999997/3668.13 [1:05:22<4:34:20,  8.83s/seconds]
 49%|####9     | 1805.3799999999997/3668.13 [1:05:47<5:49:41, 11.26s/seconds]
 49%|####9     | 1806.3799999999997/3668.13 [1:06:04<6:17:24, 12.16s/seconds]
 49%|####9     | 1807.3799999999997/3668.13 [1:06:20<6:42:15, 12.97s/seconds]
 49%|####9     | 1808.3799999999997/3668.13 [1:06:36<7:04:45, 13.70s/seconds]
 50%|####9     | 1820.7799999999997/3668.13 [1:06:53<1:58:14,  3.84s/seconds]
 50%|####9     | 1821.7799999999997/3668.13 [1:07:09<2:30:59,  4.91s/seconds]
 50%|####9     | 1822.7799999999997/3668.13 [1:07:26<3:08:47,  6.14s/seconds]
 50%|####9     | 1823.7799999999997/3668.13 [1:07:42<3:50:33,  7.50s/seconds]
 50%|####9     | 1824.7799999999997/3668.13 [1:07:58<4:33:02,  8.89s/seconds]
 50%|####9     | 1825.7799999999997/3668.13 [1:08:14<5:14:20, 10.24s/seconds]
 50%|#####     | 1848.4799999999998/3668.13 [1:08:31<1:02:50,  2.07s/seconds]
 50%|#####     | 1849.4799999999998/3668.13 [1:08:47<1:24:59,  2.80s/seconds]
 51%|#####     | 1858.8999999999999/3668.13 [1:09:03<1:11:11,  2.36s/seconds]
 51%|#####     | 1869.82/3668.13 [1:09:19<1:00:14,  2.01s/seconds]           
 51%|#####1    | 1881.56/3668.13 [1:09:35<52:22,  1.76s/seconds]  
 52%|#####1    | 1896.26/3668.13 [1:09:51<43:45,  1.48s/seconds]
 52%|#####1    | 1906.64/3668.13 [1:10:08<44:24,  1.51s/seconds]
 52%|#####2    | 1918.5/3668.13 [1:10:24<42:56,  1.47s/seconds] 
 53%|#####2    | 1936.74/3668.13 [1:10:56<45:31,  1.58s/seconds]
 53%|#####2    | 1937.74/3668.13 [1:11:12<58:40,  2.03s/seconds]
 54%|#####3    | 1967.72/3668.13 [1:11:28<33:26,  1.18s/seconds]
 54%|#####4    | 1981.56/3668.13 [1:11:44<32:53,  1.17s/seconds]
 54%|#####4    | 1982.56/3668.13 [1:12:00<44:23,  1.58s/seconds]
 55%|#####4    | 1999.1799999999998/3668.13 [1:12:16<37:23,  1.34s/seconds]
 55%|#####4    | 2000.1799999999998/3668.13 [1:12:32<50:53,  1.83s/seconds]
 55%|#####4    | 2010.2599999999998/3668.13 [1:12:48<48:23,  1.75s/seconds]
 55%|#####5    | 2025.3599999999997/3668.13 [1:13:04<40:03,  1.46s/seconds]
 56%|#####5    | 2037.1799999999996/3668.13 [1:13:20<38:42,  1.42s/seconds]
 56%|#####5    | 2038.1799999999996/3668.13 [1:13:36<53:16,  1.96s/seconds]
 56%|#####5    | 2039.1799999999996/3668.13 [1:13:53<1:12:40,  2.68s/seconds]
 56%|#####6    | 2054.74/3668.13 [1:14:09<48:59,  1.82s/seconds]             
 56%|#####6    | 2055.74/3668.13 [1:14:25<1:06:27,  2.47s/seconds]
 56%|#####6    | 2056.74/3668.13 [1:14:57<1:55:01,  4.28s/seconds]
 57%|#####6    | 2073.14/3668.13 [1:15:13<1:01:54,  2.33s/seconds]
 57%|#####6    | 2074.14/3668.13 [1:15:29<1:19:48,  3.00s/seconds]
 57%|#####7    | 2104.12/3668.13 [1:15:45<34:56,  1.34s/seconds]  
 57%|#####7    | 2105.12/3668.13 [1:16:01<47:03,  1.81s/seconds]
 57%|#####7    | 2107.04/3668.13 [1:16:18<1:00:30,  2.33s/seconds]
 57%|#####7    | 2108.04/3668.13 [1:16:34<1:20:25,  3.09s/seconds]
 57%|#####7    | 2109.04/3668.13 [1:16:50<1:45:03,  4.04s/seconds]
 58%|#####7    | 2110.04/3668.13 [1:17:06<2:14:12,  5.17s/seconds]
 58%|#####7    | 2111.04/3668.13 [1:17:22<2:48:31,  6.49s/seconds]
 58%|#####7    | 2112.04/3668.13 [1:17:38<3:24:58,  7.90s/seconds]
 58%|#####7    | 2113.04/3668.13 [1:17:54<4:01:25,  9.31s/seconds]
 58%|#####7    | 2114.04/3668.13 [1:18:11<4:37:01, 10.70s/seconds]
 58%|#####7    | 2115.14/3668.13 [1:18:27<5:01:20, 11.64s/seconds]
 58%|#####7    | 2116.14/3668.13 [1:18:43<5:29:13, 12.73s/seconds]
 58%|#####7    | 2117.14/3668.13 [1:18:59<5:50:38, 13.56s/seconds]
 58%|#####7    | 2118.14/3668.13 [1:19:15<6:09:29, 14.30s/seconds]
 58%|#####7    | 2119.14/3668.13 [1:19:32<6:23:54, 14.87s/seconds]
 58%|#####7    | 2120.14/3668.13 [1:19:48<6:33:48, 15.26s/seconds]
 58%|#####7    | 2121.14/3668.13 [1:20:04<6:39:48, 15.51s/seconds]
 58%|#####8    | 2131.3799999999997/3668.13 [1:20:20<1:48:52,  4.25s/seconds]
 59%|#####8    | 2146.68/3668.13 [1:20:36<56:25,  2.23s/seconds]             
 59%|#####8    | 2147.68/3668.13 [1:20:52<1:15:56,  3.00s/seconds]
 59%|#####8    | 2148.68/3668.13 [1:21:08<1:40:18,  3.96s/seconds]
 59%|#####8    | 2160.72/3668.13 [1:21:24<1:02:43,  2.50s/seconds]
 59%|#####9    | 2172.1/3668.13 [1:21:41<50:35,  2.03s/seconds]   
 59%|#####9    | 2182.04/3668.13 [1:21:56<46:32,  1.88s/seconds]
 60%|#####9    | 2183.04/3668.13 [1:22:13<1:03:22,  2.56s/seconds]
 60%|#####9    | 2194.64/3668.13 [1:22:29<50:06,  2.04s/seconds]  
 60%|######    | 2205.6/3668.13 [1:22:45<44:49,  1.84s/seconds] 
 60%|######    | 2206.6/3668.13 [1:23:01<1:00:56,  2.50s/seconds]
 60%|######    | 2207.6/3668.13 [1:23:17<1:21:34,  3.35s/seconds]
 60%|######    | 2208.6/3668.13 [1:23:33<1:46:48,  4.39s/seconds]
 61%|######    | 2220.98/3668.13 [1:23:49<1:01:48,  2.56s/seconds]
 61%|######    | 2221.98/3668.13 [1:24:05<1:22:22,  3.42s/seconds]
 61%|######    | 2236.2400000000002/3668.13 [1:24:21<50:23,  2.11s/seconds]
 61%|######1   | 2249.7200000000003/3668.13 [1:24:37<40:20,  1.71s/seconds]
 62%|######1   | 2263.7400000000002/3668.13 [1:24:53<34:41,  1.48s/seconds]
 62%|######1   | 2264.7400000000002/3668.13 [1:25:09<47:29,  2.03s/seconds]
 62%|######1   | 2265.7400000000002/3668.13 [1:25:25<1:04:21,  2.75s/seconds]
 62%|######2   | 2279.3/3668.13 [1:25:41<45:18,  1.96s/seconds]              
 62%|######2   | 2280.3/3668.13 [1:25:56<1:01:24,  2.65s/seconds]
 63%|######2   | 2293.38/3668.13 [1:26:12<44:32,  1.94s/seconds] 
 63%|######2   | 2294.38/3668.13 [1:26:28<1:00:38,  2.65s/seconds]
 63%|######3   | 2324.08/3668.13 [1:26:44<27:10,  1.21s/seconds]  
 63%|######3   | 2325.08/3668.13 [1:27:00<37:37,  1.68s/seconds]
 63%|######3   | 2326.08/3668.13 [1:27:16<51:32,  2.30s/seconds]
 64%|######3   | 2343.06/3668.13 [1:27:32<35:24,  1.60s/seconds]
 64%|######4   | 2356.7599999999998/3668.13 [1:27:48<31:29,  1.44s/seconds]
 64%|######4   | 2357.7599999999998/3668.13 [1:28:04<43:13,  1.98s/seconds]
 65%|######4   | 2369.74/3668.13 [1:28:20<37:23,  1.73s/seconds]           
 65%|######4   | 2370.74/3668.13 [1:28:36<51:00,  2.36s/seconds]
 65%|######4   | 2371.74/3668.13 [1:28:51<1:08:16,  3.16s/seconds]
 65%|######5   | 2388.7799999999997/3668.13 [1:29:07<39:10,  1.84s/seconds]
 66%|######5   | 2403.2599999999998/3668.13 [1:29:23<32:09,  1.53s/seconds]
 66%|######5   | 2404.2599999999998/3668.13 [1:29:39<44:07,  2.09s/seconds]
 66%|######5   | 2405.2599999999998/3668.13 [1:29:55<59:44,  2.84s/seconds]
 66%|######6   | 2422.2999999999997/3668.13 [1:30:11<36:41,  1.77s/seconds]
 66%|######6   | 2438.2799999999997/3668.13 [1:30:27<29:26,  1.44s/seconds]
 67%|######7   | 2462.8799999999997/3668.13 [1:30:43<21:05,  1.05s/seconds]
 67%|######7   | 2463.8799999999997/3668.13 [1:30:59<29:21,  1.46s/seconds]
 67%|######7   | 2464.8799999999997/3668.13 [1:31:15<40:18,  2.01s/seconds]
 67%|######7   | 2465.9399999999996/3668.13 [1:31:30<53:49,  2.69s/seconds]
 67%|######7   | 2466.9399999999996/3668.13 [1:31:46<1:12:12,  3.61s/seconds]
 67%|######7   | 2467.9399999999996/3668.13 [1:32:18<2:02:26,  6.12s/seconds]
 67%|######7   | 2468.9399999999996/3668.13 [1:32:34<2:24:43,  7.24s/seconds]
 68%|######7   | 2487.4799999999996/3668.13 [1:33:07<1:01:21,  3.12s/seconds]
 68%|######7   | 2488.9999999999995/3668.13 [1:33:22<1:12:42,  3.70s/seconds]
 68%|######8   | 2500.6599999999994/3668.13 [1:33:38<50:42,  2.61s/seconds]  
 68%|######8   | 2501.6599999999994/3668.13 [1:33:54<1:04:49,  3.33s/seconds]
 68%|######8   | 2502.6599999999994/3668.13 [1:34:10<1:22:27,  4.25s/seconds]
 68%|######8   | 2503.6599999999994/3668.13 [1:34:26<1:43:22,  5.33s/seconds]
 68%|######8   | 2504.6599999999994/3668.13 [1:34:42<2:07:10,  6.56s/seconds]
 68%|######8   | 2512.5399999999995/3668.13 [1:34:58<1:16:28,  3.97s/seconds]
 69%|######8   | 2520.8199999999997/3668.13 [1:35:13<57:33,  3.01s/seconds]  
 69%|######9   | 2531.22/3668.13 [1:35:29<44:13,  2.33s/seconds]           
 69%|######9   | 2532.22/3668.13 [1:35:45<59:13,  3.13s/seconds]
 69%|######9   | 2538.14/3668.13 [1:36:01<56:04,  2.98s/seconds]
 70%|######9   | 2554.2599999999998/3668.13 [1:36:17<34:23,  1.85s/seconds]
 70%|######9   | 2565.8199999999997/3668.13 [1:36:32<30:46,  1.67s/seconds]
 70%|######9   | 2566.8199999999997/3668.13 [1:36:48<42:04,  2.29s/seconds]
 70%|#######   | 2567.8199999999997/3668.13 [1:37:04<56:41,  3.09s/seconds]
 70%|#######   | 2568.8199999999997/3668.13 [1:37:20<1:14:38,  4.07s/seconds]
 70%|#######   | 2569.8199999999997/3668.13 [1:37:36<1:36:11,  5.26s/seconds]
 70%|#######   | 2570.8199999999997/3668.13 [1:37:53<2:00:58,  6.61s/seconds]
 70%|#######   | 2571.8199999999997/3668.13 [1:38:24<3:09:55, 10.39s/seconds]
 71%|#######   | 2601.4399999999996/3668.13 [1:39:12<49:42,  2.80s/seconds]  
 72%|#######1  | 2627.22/3668.13 [1:39:44<34:40,  2.00s/seconds]           
 72%|#######1  | 2628.22/3668.13 [1:40:00<41:22,  2.39s/seconds]
 72%|#######1  | 2629.22/3668.13 [1:40:16<50:33,  2.92s/seconds]
 72%|#######2  | 2641.58/3668.13 [1:40:32<38:44,  2.26s/seconds]
 72%|#######2  | 2654.58/3668.13 [1:40:48<31:35,  1.87s/seconds]
 73%|#######2  | 2664.62/3668.13 [1:41:04<29:49,  1.78s/seconds]
 73%|#######2  | 2672.46/3668.13 [1:41:20<30:31,  1.84s/seconds]
 74%|#######3  | 2697.04/3668.13 [1:41:36<19:35,  1.21s/seconds]
 74%|#######3  | 2708.46/3668.13 [1:41:52<20:07,  1.26s/seconds]
 74%|#######4  | 2718.98/3668.13 [1:42:07<20:55,  1.32s/seconds]
 74%|#######4  | 2731.98/3668.13 [1:42:23<20:11,  1.29s/seconds]
 75%|#######5  | 2756.64/3668.13 [1:42:39<15:10,  1.00seconds/s]
 75%|#######5  | 2765.12/3668.13 [1:42:55<17:28,  1.16s/seconds]
 76%|#######5  | 2776.3199999999997/3668.13 [1:43:11<18:11,  1.22s/seconds]
 76%|#######5  | 2777.3199999999997/3668.13 [1:43:27<25:07,  1.69s/seconds]
 76%|#######6  | 2802.66/3668.13 [1:43:43<16:17,  1.13s/seconds]           
 77%|#######6  | 2814.92/3668.13 [1:43:59<16:43,  1.18s/seconds]
 77%|#######7  | 2825.54/3668.13 [1:44:15<17:42,  1.26s/seconds]
 78%|#######7  | 2855.52/3668.13 [1:44:31<12:05,  1.12seconds/s]
 78%|#######7  | 2856.52/3668.13 [1:44:50<17:38,  1.30s/seconds]
 78%|#######7  | 2857.52/3668.13 [1:45:15<28:09,  2.08s/seconds]
 78%|#######7  | 2858.52/3668.13 [1:45:37<39:51,  2.95s/seconds]
 79%|#######8  | 2885.96/3668.13 [1:46:10<24:03,  1.85s/seconds]
 79%|#######9  | 2910.18/3668.13 [1:46:39<19:44,  1.56s/seconds]
 79%|#######9  | 2911.18/3668.13 [1:47:07<28:07,  2.23s/seconds]
 79%|#######9  | 2912.18/3668.13 [1:47:32<38:01,  3.02s/seconds]
 80%|#######9  | 2922.8599999999997/3668.13 [1:47:53<33:17,  2.68s/seconds]
 80%|#######9  | 2923.8599999999997/3668.13 [1:48:15<43:33,  3.51s/seconds]
 80%|########  | 2937.9399999999996/3668.13 [1:48:58<40:00,  3.29s/seconds]
 80%|########  | 2950.9199999999996/3668.13 [1:49:18<31:29,  2.63s/seconds]
 81%|########  | 2962.4399999999996/3668.13 [1:49:38<27:30,  2.34s/seconds]
 81%|########1 | 2987.7599999999998/3668.13 [1:49:59<17:45,  1.57s/seconds]
 82%|########1 | 3005.14/3668.13 [1:50:20<15:59,  1.45s/seconds]           
 82%|########1 | 3006.14/3668.13 [1:50:41<21:45,  1.97s/seconds]
 82%|########1 | 3007.14/3668.13 [1:51:02<29:23,  2.67s/seconds]
 83%|########2 | 3032.3399999999997/3668.13 [1:51:23<17:10,  1.62s/seconds]
 83%|########2 | 3033.3399999999997/3668.13 [1:51:46<24:16,  2.29s/seconds]
 83%|########2 | 3034.3399999999997/3668.13 [1:52:07<32:50,  3.11s/seconds]
 83%|########3 | 3047.12/3668.13 [1:52:30<26:00,  2.51s/seconds]           
 83%|########3 | 3048.12/3668.13 [1:52:52<35:35,  3.44s/seconds]
 83%|########3 | 3049.12/3668.13 [1:53:14<47:38,  4.62s/seconds]
 83%|########3 | 3050.12/3668.13 [1:53:39<1:04:17,  6.24s/seconds]
 83%|########3 | 3051.12/3668.13 [1:54:15<1:36:40,  9.40s/seconds]
 84%|########3 | 3080.9/3668.13 [1:54:48<25:34,  2.61s/seconds]   
 84%|########4 | 3081.9/3668.13 [1:55:06<31:19,  3.21s/seconds]
 84%|########4 | 3082.9/3668.13 [1:55:22<37:45,  3.87s/seconds]
 85%|########4 | 3106.08/3668.13 [1:55:38<17:33,  1.87s/seconds]
 85%|########4 | 3107.08/3668.13 [1:55:55<22:33,  2.41s/seconds]
 85%|########5 | 3134.24/3668.13 [1:56:11<11:54,  1.34s/seconds]
 85%|########5 | 3135.24/3668.13 [1:56:27<15:49,  1.78s/seconds]
 86%|########5 | 3136.8599999999997/3668.13 [1:56:43<20:27,  2.31s/seconds]
 86%|########5 | 3148.3999999999996/3668.13 [1:56:59<16:46,  1.94s/seconds]
 86%|########6 | 3165.18/3668.13 [1:57:15<12:30,  1.49s/seconds]           
 86%|########6 | 3166.18/3668.13 [1:57:31<17:03,  2.04s/seconds]
 87%|########6 | 3177.44/3668.13 [1:57:47<14:42,  1.80s/seconds]
 87%|########6 | 3178.44/3668.13 [1:58:03<20:00,  2.45s/seconds]
 87%|########6 | 3179.44/3668.13 [1:58:19<26:44,  3.28s/seconds]
 87%|########6 | 3180.44/3668.13 [1:58:35<35:03,  4.31s/seconds]
 87%|########6 | 3181.44/3668.13 [1:58:51<44:45,  5.52s/seconds]
 87%|########6 | 3182.44/3668.13 [1:59:07<55:38,  6.87s/seconds]
 87%|########6 | 3183.44/3668.13 [1:59:24<1:07:09,  8.31s/seconds]
 88%|########7 | 3209.98/3668.13 [1:59:40<13:11,  1.73s/seconds]  
 88%|########7 | 3210.98/3668.13 [1:59:56<17:58,  2.36s/seconds]
 88%|########7 | 3211.98/3668.13 [2:00:12<24:15,  3.19s/seconds]
 88%|########7 | 3212.98/3668.13 [2:00:28<31:50,  4.20s/seconds]
 88%|########7 | 3213.98/3668.13 [2:00:49<44:29,  5.88s/seconds]
 88%|########7 | 3214.98/3668.13 [2:01:05<54:03,  7.16s/seconds]
 88%|########7 | 3215.98/3668.13 [2:01:21<1:04:06,  8.51s/seconds]
 88%|########7 | 3216.98/3668.13 [2:01:37<1:13:46,  9.81s/seconds]
 88%|########7 | 3217.98/3668.13 [2:01:53<1:22:41, 11.02s/seconds]
 88%|########7 | 3218.98/3668.13 [2:02:09<1:30:30, 12.09s/seconds]
 88%|########7 | 3219.98/3668.13 [2:02:25<1:36:56, 12.98s/seconds]
 88%|########7 | 3220.98/3668.13 [2:02:40<1:41:42, 13.65s/seconds]
 88%|########7 | 3221.98/3668.13 [2:02:56<1:45:28, 14.18s/seconds]
 88%|########8 | 3242.04/3668.13 [2:03:11<16:18,  2.30s/seconds]  
 88%|########8 | 3243.04/3668.13 [2:03:27<22:04,  3.12s/seconds]
 89%|########8 | 3257.42/3668.13 [2:03:59<18:00,  2.63s/seconds]
 89%|########8 | 3263.36/3668.13 [2:04:15<17:43,  2.63s/seconds]
 89%|########8 | 3264.36/3668.13 [2:04:31<22:39,  3.37s/seconds]
 89%|########9 | 3265.36/3668.13 [2:04:46<28:47,  4.29s/seconds]
 89%|########9 | 3266.36/3668.13 [2:05:02<36:08,  5.40s/seconds]
 89%|########9 | 3267.36/3668.13 [2:05:18<44:33,  6.67s/seconds]
 89%|########9 | 3280.82/3668.13 [2:05:34<18:20,  2.84s/seconds]
 90%|########9 | 3296.1400000000003/3668.13 [2:05:50<11:42,  1.89s/seconds]
 90%|########9 | 3297.1400000000003/3668.13 [2:06:07<15:50,  2.56s/seconds]
 90%|########9 | 3298.1400000000003/3668.13 [2:06:23<21:08,  3.43s/seconds]
 90%|########9 | 3299.1400000000003/3668.13 [2:06:39<27:28,  4.47s/seconds]
 91%|######### | 3329.1200000000003/3668.13 [2:06:55<07:53,  1.40s/seconds]
 91%|#########1| 3347.5200000000004/3668.13 [2:07:11<06:18,  1.18s/seconds]
 92%|#########2| 3374.9000000000005/3668.13 [2:07:27<04:25,  1.11seconds/s]
 92%|#########2| 3386.3400000000006/3668.13 [2:07:43<04:48,  1.02s/seconds]
 93%|#########3| 3414.8200000000006/3668.13 [2:08:00<03:31,  1.20seconds/s]
 94%|#########3| 3441.8400000000006/3668.13 [2:08:17<02:50,  1.32seconds/s]
 94%|#########4| 3453.1800000000007/3668.13 [2:08:33<03:09,  1.13seconds/s]
 94%|#########4| 3454.1800000000007/3668.13 [2:08:50<04:24,  1.24s/seconds]
 94%|#########4| 3455.1800000000007/3668.13 [2:09:07<06:05,  1.72s/seconds]
 94%|#########4| 3456.1800000000007/3668.13 [2:09:23<08:17,  2.35s/seconds]
 94%|#########4| 3457.1800000000007/3668.13 [2:09:40<11:04,  3.15s/seconds]
 94%|#########4| 3458.1800000000007/3668.13 [2:09:56<14:31,  4.15s/seconds]
 94%|#########4| 3459.1800000000007/3668.13 [2:10:12<18:32,  5.33s/seconds]
 95%|#########4| 3468.020000000001/3668.13 [2:10:28<11:18,  3.39s/seconds] 
 95%|#########4| 3469.020000000001/3668.13 [2:10:44<14:39,  4.42s/seconds]
 95%|#########4| 3470.020000000001/3668.13 [2:11:00<18:32,  5.62s/seconds]
 95%|#########4| 3481.800000000001/3668.13 [2:11:16<09:00,  2.90s/seconds]
 95%|#########5| 3490.230000000001/3668.13 [2:11:32<07:26,  2.51s/seconds]
 95%|#########5| 3490.230000000001/3668.13 [2:11:32<06:42,  2.26s/seconds]
{
  "schema_version": 2,
  "status": "needs_editorial_review",
  "model": "large-v3-turbo",
  "language": "fa",
  "segments": 206,
  "quality_retry": true,
  "cleaned": {
    "segments_in": 206,
    "segments_out": 206,
    "paragraphs": 92,
    "language": "fa",
    "markdown": "processing\\telewebion-0x16c79674\\machine-final\\transcript.final.md",
    "text": "processing\\telewebion-0x16c79674\\machine-final\\transcript.final.txt"
  }
}
